<component name="libraryTable">
  <library name="junit-4.121">
    <CLASSES>
      <root url="jar://$USER_HOME$/OneDrive/Dokumenty/Programowanie ZespoÅ‚owe/junit-4.12.jar!/" />
    </CLASSES>
    <JAVADOC />
    <SOURCES />
  </library>
</component>